mode: set
/Users/geoffreytrambolho/Code/go-clean-onnx/src/onnx/boundingbox.go:19.38,22.2 2 0
/Users/geoffreytrambolho/Code/go-clean-onnx/src/onnx/boundingbox.go:27.64,32.2 4 0
/Users/geoffreytrambolho/Code/go-clean-onnx/src/onnx/boundingbox.go:36.57,40.2 3 0
/Users/geoffreytrambolho/Code/go-clean-onnx/src/onnx/boundingbox.go:43.55,45.2 1 0
/Users/geoffreytrambolho/Code/go-clean-onnx/src/onnx/boundingbox.go:48.41,51.2 1 0
/Users/geoffreytrambolho/Code/go-clean-onnx/src/onnx/boundingbox.go:54.48,56.2 1 0
/Users/geoffreytrambolho/Code/go-clean-onnx/src/onnx/processor.go:35.62,37.2 1 0
/Users/geoffreytrambolho/Code/go-clean-onnx/src/onnx/processor.go:40.55,42.55 2 0
/Users/geoffreytrambolho/Code/go-clean-onnx/src/onnx/processor.go:42.55,44.3 1 0
/Users/geoffreytrambolho/Code/go-clean-onnx/src/onnx/processor.go:45.2,56.42 9 0
/Users/geoffreytrambolho/Code/go-clean-onnx/src/onnx/processor.go:56.42,57.42 1 0
/Users/geoffreytrambolho/Code/go-clean-onnx/src/onnx/processor.go:57.42,63.4 5 0
/Users/geoffreytrambolho/Code/go-clean-onnx/src/onnx/processor.go:67.2,69.12 2 0
/Users/geoffreytrambolho/Code/go-clean-onnx/src/onnx/processor.go:73.71,75.2 1 0
/Users/geoffreytrambolho/Code/go-clean-onnx/src/onnx/processor.go:78.68,79.63 1 0
/Users/geoffreytrambolho/Code/go-clean-onnx/src/onnx/processor.go:79.63,82.3 2 0
/Users/geoffreytrambolho/Code/go-clean-onnx/src/onnx/processor.go:84.2,88.52 4 0
/Users/geoffreytrambolho/Code/go-clean-onnx/src/onnx/processor.go:88.52,90.56 2 0
/Users/geoffreytrambolho/Code/go-clean-onnx/src/onnx/processor.go:90.56,92.33 2 0
/Users/geoffreytrambolho/Code/go-clean-onnx/src/onnx/processor.go:92.33,95.5 2 0
/Users/geoffreytrambolho/Code/go-clean-onnx/src/onnx/processor.go:97.3,97.42 1 0
/Users/geoffreytrambolho/Code/go-clean-onnx/src/onnx/processor.go:97.42,98.12 1 0
/Users/geoffreytrambolho/Code/go-clean-onnx/src/onnx/processor.go:100.3,113.5 7 0
/Users/geoffreytrambolho/Code/go-clean-onnx/src/onnx/processor.go:116.2,116.48 1 0
/Users/geoffreytrambolho/Code/go-clean-onnx/src/onnx/processor.go:116.48,118.3 1 0
/Users/geoffreytrambolho/Code/go-clean-onnx/src/onnx/processor.go:120.2,121.45 2 0
/Users/geoffreytrambolho/Code/go-clean-onnx/src/onnx/processor.go:121.45,123.45 2 0
/Users/geoffreytrambolho/Code/go-clean-onnx/src/onnx/processor.go:123.45,124.47 1 0
/Users/geoffreytrambolho/Code/go-clean-onnx/src/onnx/processor.go:124.47,126.10 2 0
/Users/geoffreytrambolho/Code/go-clean-onnx/src/onnx/processor.go:129.3,129.27 1 0
/Users/geoffreytrambolho/Code/go-clean-onnx/src/onnx/processor.go:129.27,131.4 1 0
/Users/geoffreytrambolho/Code/go-clean-onnx/src/onnx/processor.go:133.2,133.22 1 0
/Users/geoffreytrambolho/Code/go-clean-onnx/src/onnx/runtime.go:31.125,38.2 1 0
/Users/geoffreytrambolho/Code/go-clean-onnx/src/onnx/runtime.go:41.45,43.2 1 0
/Users/geoffreytrambolho/Code/go-clean-onnx/src/onnx/runtime.go:46.47,48.2 1 0
/Users/geoffreytrambolho/Code/go-clean-onnx/src/onnx/runtime.go:51.62,53.2 1 0
/Users/geoffreytrambolho/Code/go-clean-onnx/src/onnx/runtime.go:56.64,58.2 1 0
/Users/geoffreytrambolho/Code/go-clean-onnx/src/onnx/session.go:30.60,36.16 4 0
/Users/geoffreytrambolho/Code/go-clean-onnx/src/onnx/session.go:36.16,38.3 1 0
/Users/geoffreytrambolho/Code/go-clean-onnx/src/onnx/session.go:40.2,50.16 4 0
/Users/geoffreytrambolho/Code/go-clean-onnx/src/onnx/session.go:50.16,53.3 2 0
/Users/geoffreytrambolho/Code/go-clean-onnx/src/onnx/session.go:55.2,57.25 2 0
/Users/geoffreytrambolho/Code/go-clean-onnx/src/onnx/session.go:62.41,63.32 1 0
/Users/geoffreytrambolho/Code/go-clean-onnx/src/onnx/session.go:63.32,65.3 1 0
/Users/geoffreytrambolho/Code/go-clean-onnx/src/onnx/session.go:66.2,66.36 1 0
/Users/geoffreytrambolho/Code/go-clean-onnx/src/onnx/session.go:66.36,68.3 1 0
/Users/geoffreytrambolho/Code/go-clean-onnx/src/onnx/session.go:69.2,69.37 1 0
/Users/geoffreytrambolho/Code/go-clean-onnx/src/onnx/session.go:69.37,71.3 1 0
/Users/geoffreytrambolho/Code/go-clean-onnx/src/onnx/session.go:77.72,81.16 3 0
/Users/geoffreytrambolho/Code/go-clean-onnx/src/onnx/session.go:81.16,83.3 1 0
/Users/geoffreytrambolho/Code/go-clean-onnx/src/onnx/session.go:85.2,85.39 1 0
/Users/geoffreytrambolho/Code/go-clean-onnx/src/onnx/session.go:93.74,96.16 3 0
/Users/geoffreytrambolho/Code/go-clean-onnx/src/onnx/session.go:96.16,98.3 1 0
/Users/geoffreytrambolho/Code/go-clean-onnx/src/onnx/session.go:99.2,99.41 1 0
